02-Oct-2023 22:03:27.513 信息 [main] org.apache.catalina.startup.VersionLoggerListener.log Server.服务器版本: Apache Tomcat/10.1.13
02-Oct-2023 22:03:27.517 信息 [main] org.apache.catalina.startup.VersionLoggerListener.log 服务器构建:        Aug 23 2023 21:34:59 UTC
02-Oct-2023 22:03:27.517 信息 [main] org.apache.catalina.startup.VersionLoggerListener.log 服务器版本号:      10.1.13.0
02-Oct-2023 22:03:27.517 信息 [main] org.apache.catalina.startup.VersionLoggerListener.log 操作系统名称:      Windows 11
02-Oct-2023 22:03:27.517 信息 [main] org.apache.catalina.startup.VersionLoggerListener.log OS.版本:           10.0
02-Oct-2023 22:03:27.517 信息 [main] org.apache.catalina.startup.VersionLoggerListener.log 架构:              amd64
02-Oct-2023 22:03:27.517 信息 [main] org.apache.catalina.startup.VersionLoggerListener.log Java 环境变量:     E:\jdk20\jdk
02-Oct-2023 22:03:27.518 信息 [main] org.apache.catalina.startup.VersionLoggerListener.log Java虚拟机版本:    20.0.2+9-78
02-Oct-2023 22:03:27.518 信息 [main] org.apache.catalina.startup.VersionLoggerListener.log JVM.供应商:        Oracle Corporation
02-Oct-2023 22:03:27.519 信息 [main] org.apache.catalina.startup.VersionLoggerListener.log CATALINA_BASE:     E:\java_code\javaweb\web\apache
02-Oct-2023 22:03:27.519 信息 [main] org.apache.catalina.startup.VersionLoggerListener.log CATALINA_HOME:     E:\java_code\javaweb\web\apache
02-Oct-2023 22:03:27.525 信息 [main] org.apache.catalina.startup.VersionLoggerListener.log 命令行参数：       -Djava.util.logging.config.file=E:\java_code\javaweb\web\apache\conf\logging.properties
02-Oct-2023 22:03:27.525 信息 [main] org.apache.catalina.startup.VersionLoggerListener.log 命令行参数：       -Djava.util.logging.manager=org.apache.juli.ClassLoaderLogManager
02-Oct-2023 22:03:27.525 信息 [main] org.apache.catalina.startup.VersionLoggerListener.log 命令行参数：       -Djdk.tls.ephemeralDHKeySize=2048
02-Oct-2023 22:03:27.525 信息 [main] org.apache.catalina.startup.VersionLoggerListener.log 命令行参数：       -Djava.protocol.handler.pkgs=org.apache.catalina.webresources
02-Oct-2023 22:03:27.526 信息 [main] org.apache.catalina.startup.VersionLoggerListener.log 命令行参数：       --add-opens=java.base/java.lang=ALL-UNNAMED
02-Oct-2023 22:03:27.526 信息 [main] org.apache.catalina.startup.VersionLoggerListener.log 命令行参数：       --add-opens=java.base/java.io=ALL-UNNAMED
02-Oct-2023 22:03:27.526 信息 [main] org.apache.catalina.startup.VersionLoggerListener.log 命令行参数：       --add-opens=java.base/java.util=ALL-UNNAMED
02-Oct-2023 22:03:27.526 信息 [main] org.apache.catalina.startup.VersionLoggerListener.log 命令行参数：       --add-opens=java.base/java.util.concurrent=ALL-UNNAMED
02-Oct-2023 22:03:27.526 信息 [main] org.apache.catalina.startup.VersionLoggerListener.log 命令行参数：       --add-opens=java.rmi/sun.rmi.transport=ALL-UNNAMED
02-Oct-2023 22:03:27.527 信息 [main] org.apache.catalina.startup.VersionLoggerListener.log 命令行参数：       -Dcatalina.base=E:\java_code\javaweb\web\apache
02-Oct-2023 22:03:27.527 信息 [main] org.apache.catalina.startup.VersionLoggerListener.log 命令行参数：       -Dcatalina.home=E:\java_code\javaweb\web\apache
02-Oct-2023 22:03:27.527 信息 [main] org.apache.catalina.startup.VersionLoggerListener.log 命令行参数：       -Djava.io.tmpdir=E:\java_code\javaweb\web\apache\temp
02-Oct-2023 22:03:27.529 信息 [main] org.apache.catalina.core.AprLifecycleListener.lifecycleEvent 使用APR版本[1.7.4]加载了基于APR的Apache Tomcat本机库[2.0.5]。
02-Oct-2023 22:03:27.532 信息 [main] org.apache.catalina.core.AprLifecycleListener.initializeSSL OpenSSL成功初始化 [OpenSSL 3.0.10 1 Aug 2023]
02-Oct-2023 22:03:27.695 信息 [main] org.apache.coyote.AbstractProtocol.init 初始化协议处理器 ["http-nio-8080"]
02-Oct-2023 22:03:27.709 信息 [main] org.apache.catalina.startup.Catalina.load 服务器在[323]毫秒内初始化
02-Oct-2023 22:03:27.739 信息 [main] org.apache.catalina.core.StandardService.startInternal 正在启动服务[Catalina]
02-Oct-2023 22:03:27.739 信息 [main] org.apache.catalina.core.StandardEngine.startInternal 正在启动 Servlet 引擎：[Apache Tomcat/10.1.13]
02-Oct-2023 22:03:27.746 信息 [main] org.apache.catalina.startup.HostConfig.deployDirectory 把web 应用程序部署到目录 [E:\java_code\javaweb\web\apache\webapps\docs]
02-Oct-2023 22:03:27.934 信息 [main] org.apache.catalina.startup.HostConfig.deployDirectory Web应用程序目录[E:\java_code\javaweb\web\apache\webapps\docs]的部署已在[186]毫秒内完成
02-Oct-2023 22:03:27.934 信息 [main] org.apache.catalina.startup.HostConfig.deployDirectory 把web 应用程序部署到目录 [E:\java_code\javaweb\web\apache\webapps\examples]
02-Oct-2023 22:03:28.116 信息 [main] org.apache.catalina.startup.HostConfig.deployDirectory Web应用程序目录[E:\java_code\javaweb\web\apache\webapps\examples]的部署已在[182]毫秒内完成
02-Oct-2023 22:03:28.116 信息 [main] org.apache.catalina.startup.HostConfig.deployDirectory 把web 应用程序部署到目录 [E:\java_code\javaweb\web\apache\webapps\host-manager]
02-Oct-2023 22:03:28.137 信息 [main] org.apache.catalina.startup.HostConfig.deployDirectory Web应用程序目录[E:\java_code\javaweb\web\apache\webapps\host-manager]的部署已在[21]毫秒内完成
02-Oct-2023 22:03:28.138 信息 [main] org.apache.catalina.startup.HostConfig.deployDirectory 把web 应用程序部署到目录 [E:\java_code\javaweb\web\apache\webapps\manager]
02-Oct-2023 22:03:28.158 信息 [main] org.apache.catalina.startup.HostConfig.deployDirectory Web应用程序目录[E:\java_code\javaweb\web\apache\webapps\manager]的部署已在[19]毫秒内完成
02-Oct-2023 22:03:28.158 信息 [main] org.apache.catalina.startup.HostConfig.deployDirectory 把web 应用程序部署到目录 [E:\java_code\javaweb\web\apache\webapps\ROOT]
02-Oct-2023 22:03:28.168 信息 [main] org.apache.catalina.startup.HostConfig.deployDirectory Web应用程序目录[E:\java_code\javaweb\web\apache\webapps\ROOT]的部署已在[10]毫秒内完成
02-Oct-2023 22:03:28.170 信息 [main] org.apache.coyote.AbstractProtocol.start 开始协议处理句柄["http-nio-8080"]
02-Oct-2023 22:03:28.201 信息 [main] org.apache.catalina.startup.Catalina.start [491]毫秒后服务器启动
02-Oct-2023 22:45:50.586 信息 [main] org.apache.catalina.startup.VersionLoggerListener.log Server.服务器版本: Apache Tomcat/10.1.13
02-Oct-2023 22:45:50.589 信息 [main] org.apache.catalina.startup.VersionLoggerListener.log 服务器构建:        Aug 23 2023 21:34:59 UTC
02-Oct-2023 22:45:50.590 信息 [main] org.apache.catalina.startup.VersionLoggerListener.log 服务器版本号:      10.1.13.0
02-Oct-2023 22:45:50.590 信息 [main] org.apache.catalina.startup.VersionLoggerListener.log 操作系统名称:      Windows 11
02-Oct-2023 22:45:50.590 信息 [main] org.apache.catalina.startup.VersionLoggerListener.log OS.版本:           10.0
02-Oct-2023 22:45:50.590 信息 [main] org.apache.catalina.startup.VersionLoggerListener.log 架构:              amd64
02-Oct-2023 22:45:50.590 信息 [main] org.apache.catalina.startup.VersionLoggerListener.log Java 环境变量:     E:\jdk20\jdk
02-Oct-2023 22:45:50.590 信息 [main] org.apache.catalina.startup.VersionLoggerListener.log Java虚拟机版本:    20.0.2+9-78
02-Oct-2023 22:45:50.590 信息 [main] org.apache.catalina.startup.VersionLoggerListener.log JVM.供应商:        Oracle Corporation
02-Oct-2023 22:45:50.590 信息 [main] org.apache.catalina.startup.VersionLoggerListener.log CATALINA_BASE:     E:\java_code\javaweb\web\apache
02-Oct-2023 22:45:50.590 信息 [main] org.apache.catalina.startup.VersionLoggerListener.log CATALINA_HOME:     E:\java_code\javaweb\web\apache
02-Oct-2023 22:45:50.595 信息 [main] org.apache.catalina.startup.VersionLoggerListener.log 命令行参数：       -Djava.util.logging.config.file=E:\java_code\javaweb\web\apache\conf\logging.properties
02-Oct-2023 22:45:50.595 信息 [main] org.apache.catalina.startup.VersionLoggerListener.log 命令行参数：       -Djava.util.logging.manager=org.apache.juli.ClassLoaderLogManager
02-Oct-2023 22:45:50.595 信息 [main] org.apache.catalina.startup.VersionLoggerListener.log 命令行参数：       -Djdk.tls.ephemeralDHKeySize=2048
02-Oct-2023 22:45:50.596 信息 [main] org.apache.catalina.startup.VersionLoggerListener.log 命令行参数：       -Djava.protocol.handler.pkgs=org.apache.catalina.webresources
02-Oct-2023 22:45:50.596 信息 [main] org.apache.catalina.startup.VersionLoggerListener.log 命令行参数：       --add-opens=java.base/java.lang=ALL-UNNAMED
02-Oct-2023 22:45:50.596 信息 [main] org.apache.catalina.startup.VersionLoggerListener.log 命令行参数：       --add-opens=java.base/java.io=ALL-UNNAMED
02-Oct-2023 22:45:50.596 信息 [main] org.apache.catalina.startup.VersionLoggerListener.log 命令行参数：       --add-opens=java.base/java.util=ALL-UNNAMED
02-Oct-2023 22:45:50.596 信息 [main] org.apache.catalina.startup.VersionLoggerListener.log 命令行参数：       --add-opens=java.base/java.util.concurrent=ALL-UNNAMED
02-Oct-2023 22:45:50.596 信息 [main] org.apache.catalina.startup.VersionLoggerListener.log 命令行参数：       --add-opens=java.rmi/sun.rmi.transport=ALL-UNNAMED
02-Oct-2023 22:45:50.596 信息 [main] org.apache.catalina.startup.VersionLoggerListener.log 命令行参数：       -Dcatalina.base=E:\java_code\javaweb\web\apache
02-Oct-2023 22:45:50.597 信息 [main] org.apache.catalina.startup.VersionLoggerListener.log 命令行参数：       -Dcatalina.home=E:\java_code\javaweb\web\apache
02-Oct-2023 22:45:50.597 信息 [main] org.apache.catalina.startup.VersionLoggerListener.log 命令行参数：       -Djava.io.tmpdir=E:\java_code\javaweb\web\apache\temp
02-Oct-2023 22:45:50.598 信息 [main] org.apache.catalina.core.AprLifecycleListener.lifecycleEvent 使用APR版本[1.7.4]加载了基于APR的Apache Tomcat本机库[2.0.5]。
02-Oct-2023 22:45:50.601 信息 [main] org.apache.catalina.core.AprLifecycleListener.initializeSSL OpenSSL成功初始化 [OpenSSL 3.0.10 1 Aug 2023]
02-Oct-2023 22:45:50.728 信息 [main] org.apache.coyote.AbstractProtocol.init 初始化协议处理器 ["http-nio-8080"]
02-Oct-2023 22:45:50.740 信息 [main] org.apache.catalina.startup.Catalina.load 服务器在[255]毫秒内初始化
02-Oct-2023 22:45:50.771 信息 [main] org.apache.catalina.core.StandardService.startInternal 正在启动服务[Catalina]
02-Oct-2023 22:45:50.772 信息 [main] org.apache.catalina.core.StandardEngine.startInternal 正在启动 Servlet 引擎：[Apache Tomcat/10.1.13]
02-Oct-2023 22:45:50.778 信息 [main] org.apache.catalina.startup.HostConfig.deployDirectory 把web 应用程序部署到目录 [E:\java_code\javaweb\web\apache\webapps\docs]
02-Oct-2023 22:45:50.969 信息 [main] org.apache.catalina.startup.HostConfig.deployDirectory Web应用程序目录[E:\java_code\javaweb\web\apache\webapps\docs]的部署已在[189]毫秒内完成
02-Oct-2023 22:45:50.969 信息 [main] org.apache.catalina.startup.HostConfig.deployDirectory 把web 应用程序部署到目录 [E:\java_code\javaweb\web\apache\webapps\examples]
02-Oct-2023 22:45:51.132 信息 [main] org.apache.catalina.startup.HostConfig.deployDirectory Web应用程序目录[E:\java_code\javaweb\web\apache\webapps\examples]的部署已在[163]毫秒内完成
02-Oct-2023 22:45:51.133 信息 [main] org.apache.catalina.startup.HostConfig.deployDirectory 把web 应用程序部署到目录 [E:\java_code\javaweb\web\apache\webapps\host-manager]
02-Oct-2023 22:45:51.152 信息 [main] org.apache.catalina.startup.HostConfig.deployDirectory Web应用程序目录[E:\java_code\javaweb\web\apache\webapps\host-manager]的部署已在[19]毫秒内完成
02-Oct-2023 22:45:51.153 信息 [main] org.apache.catalina.startup.HostConfig.deployDirectory 把web 应用程序部署到目录 [E:\java_code\javaweb\web\apache\webapps\manager]
02-Oct-2023 22:45:51.170 信息 [main] org.apache.catalina.startup.HostConfig.deployDirectory Web应用程序目录[E:\java_code\javaweb\web\apache\webapps\manager]的部署已在[17]毫秒内完成
02-Oct-2023 22:45:51.171 信息 [main] org.apache.catalina.startup.HostConfig.deployDirectory 把web 应用程序部署到目录 [E:\java_code\javaweb\web\apache\webapps\ROOT]
02-Oct-2023 22:45:51.186 信息 [main] org.apache.catalina.startup.HostConfig.deployDirectory Web应用程序目录[E:\java_code\javaweb\web\apache\webapps\ROOT]的部署已在[16]毫秒内完成
02-Oct-2023 22:45:51.189 信息 [main] org.apache.coyote.AbstractProtocol.start 开始协议处理句柄["http-nio-8080"]
02-Oct-2023 22:45:51.220 信息 [main] org.apache.catalina.startup.Catalina.start [479]毫秒后服务器启动
02-Oct-2023 22:52:23.393 信息 [Thread-1] org.apache.coyote.AbstractProtocol.pause 暂停ProtocolHandler["http-nio-8080"]
02-Oct-2023 22:52:23.401 信息 [Thread-1] org.apache.catalina.core.StandardService.stopInternal 正在停止服务[Catalina]
02-Oct-2023 22:52:23.440 信息 [Thread-1] org.apache.coyote.AbstractProtocol.stop 正在停止ProtocolHandler ["http-nio-8080"]
02-Oct-2023 22:52:23.452 信息 [Thread-1] org.apache.coyote.AbstractProtocol.destroy 正在摧毁协议处理器 ["http-nio-8080"]
02-Oct-2023 22:54:23.966 信息 [main] org.apache.catalina.startup.VersionLoggerListener.log Server.服务器版本: Apache Tomcat/10.1.13
02-Oct-2023 22:54:23.968 信息 [main] org.apache.catalina.startup.VersionLoggerListener.log 服务器构建:        Aug 23 2023 21:34:59 UTC
02-Oct-2023 22:54:23.969 信息 [main] org.apache.catalina.startup.VersionLoggerListener.log 服务器版本号:      10.1.13.0
02-Oct-2023 22:54:23.969 信息 [main] org.apache.catalina.startup.VersionLoggerListener.log 操作系统名称:      Windows 11
02-Oct-2023 22:54:23.969 信息 [main] org.apache.catalina.startup.VersionLoggerListener.log OS.版本:           10.0
02-Oct-2023 22:54:23.969 信息 [main] org.apache.catalina.startup.VersionLoggerListener.log 架构:              amd64
02-Oct-2023 22:54:23.969 信息 [main] org.apache.catalina.startup.VersionLoggerListener.log Java 环境变量:     E:\jdk20\jdk
02-Oct-2023 22:54:23.969 信息 [main] org.apache.catalina.startup.VersionLoggerListener.log Java虚拟机版本:    20.0.2+9-78
02-Oct-2023 22:54:23.969 信息 [main] org.apache.catalina.startup.VersionLoggerListener.log JVM.供应商:        Oracle Corporation
02-Oct-2023 22:54:23.969 信息 [main] org.apache.catalina.startup.VersionLoggerListener.log CATALINA_BASE:     E:\java_code\javaweb\web\apache
02-Oct-2023 22:54:23.969 信息 [main] org.apache.catalina.startup.VersionLoggerListener.log CATALINA_HOME:     E:\java_code\javaweb\web\apache
02-Oct-2023 22:54:23.999 信息 [main] org.apache.catalina.startup.VersionLoggerListener.log 命令行参数：       -Djava.util.logging.config.file=E:\java_code\javaweb\web\apache\conf\logging.properties
02-Oct-2023 22:54:23.999 信息 [main] org.apache.catalina.startup.VersionLoggerListener.log 命令行参数：       -Djava.util.logging.manager=org.apache.juli.ClassLoaderLogManager
02-Oct-2023 22:54:23.999 信息 [main] org.apache.catalina.startup.VersionLoggerListener.log 命令行参数：       -Djdk.tls.ephemeralDHKeySize=2048
02-Oct-2023 22:54:24.000 信息 [main] org.apache.catalina.startup.VersionLoggerListener.log 命令行参数：       -Djava.protocol.handler.pkgs=org.apache.catalina.webresources
02-Oct-2023 22:54:24.000 信息 [main] org.apache.catalina.startup.VersionLoggerListener.log 命令行参数：       --add-opens=java.base/java.lang=ALL-UNNAMED
02-Oct-2023 22:54:24.000 信息 [main] org.apache.catalina.startup.VersionLoggerListener.log 命令行参数：       --add-opens=java.base/java.io=ALL-UNNAMED
02-Oct-2023 22:54:24.001 信息 [main] org.apache.catalina.startup.VersionLoggerListener.log 命令行参数：       --add-opens=java.base/java.util=ALL-UNNAMED
02-Oct-2023 22:54:24.001 信息 [main] org.apache.catalina.startup.VersionLoggerListener.log 命令行参数：       --add-opens=java.base/java.util.concurrent=ALL-UNNAMED
02-Oct-2023 22:54:24.001 信息 [main] org.apache.catalina.startup.VersionLoggerListener.log 命令行参数：       --add-opens=java.rmi/sun.rmi.transport=ALL-UNNAMED
02-Oct-2023 22:54:24.001 信息 [main] org.apache.catalina.startup.VersionLoggerListener.log 命令行参数：       -Dcatalina.base=E:\java_code\javaweb\web\apache
02-Oct-2023 22:54:24.001 信息 [main] org.apache.catalina.startup.VersionLoggerListener.log 命令行参数：       -Dcatalina.home=E:\java_code\javaweb\web\apache
02-Oct-2023 22:54:24.001 信息 [main] org.apache.catalina.startup.VersionLoggerListener.log 命令行参数：       -Djava.io.tmpdir=E:\java_code\javaweb\web\apache\temp
02-Oct-2023 22:54:24.018 信息 [main] org.apache.catalina.core.AprLifecycleListener.lifecycleEvent 使用APR版本[1.7.4]加载了基于APR的Apache Tomcat本机库[2.0.5]。
02-Oct-2023 22:54:24.022 信息 [main] org.apache.catalina.core.AprLifecycleListener.initializeSSL OpenSSL成功初始化 [OpenSSL 3.0.10 1 Aug 2023]
02-Oct-2023 22:54:24.161 信息 [main] org.apache.coyote.AbstractProtocol.init 初始化协议处理器 ["http-nio-8080"]
02-Oct-2023 22:54:24.195 信息 [main] org.apache.catalina.startup.Catalina.load 服务器在[345]毫秒内初始化
02-Oct-2023 22:54:24.228 信息 [main] org.apache.catalina.core.StandardService.startInternal 正在启动服务[Catalina]
02-Oct-2023 22:54:24.228 信息 [main] org.apache.catalina.core.StandardEngine.startInternal 正在启动 Servlet 引擎：[Apache Tomcat/10.1.13]
02-Oct-2023 22:54:24.234 信息 [main] org.apache.catalina.startup.HostConfig.deployDescriptor 正在部署部署描述符[E:\java_code\javaweb\web\apache\conf\Catalina\localhost\abc.xml]。
02-Oct-2023 22:54:24.249 警告 [main] org.apache.catalina.startup.HostConfig.deployDescriptor 部署描述符[E:\java_code\javaweb\web\apache\conf\Catalina\localhost\abc.xml]中值为[/abc]的路径属性已被忽略
02-Oct-2023 22:54:24.511 信息 [main] org.apache.catalina.startup.HostConfig.deployDescriptor 部署描述符[E:\java_code\javaweb\web\apache\conf\Catalina\localhost\abc.xml]的部署已在[275]ms内完成
02-Oct-2023 22:54:24.512 信息 [main] org.apache.catalina.startup.HostConfig.deployDirectory 把web 应用程序部署到目录 [E:\java_code\javaweb\web\apache\webapps\docs]
02-Oct-2023 22:54:24.552 信息 [main] org.apache.catalina.startup.HostConfig.deployDirectory Web应用程序目录[E:\java_code\javaweb\web\apache\webapps\docs]的部署已在[40]毫秒内完成
02-Oct-2023 22:54:24.553 信息 [main] org.apache.catalina.startup.HostConfig.deployDirectory 把web 应用程序部署到目录 [E:\java_code\javaweb\web\apache\webapps\examples]
02-Oct-2023 22:54:25.676 信息 [main] org.apache.catalina.startup.HostConfig.deployDirectory Web应用程序目录[E:\java_code\javaweb\web\apache\webapps\examples]的部署已在[1,123]毫秒内完成
02-Oct-2023 22:54:25.677 信息 [main] org.apache.catalina.startup.HostConfig.deployDirectory 把web 应用程序部署到目录 [E:\java_code\javaweb\web\apache\webapps\host-manager]
02-Oct-2023 22:54:25.704 信息 [main] org.apache.catalina.startup.HostConfig.deployDirectory Web应用程序目录[E:\java_code\javaweb\web\apache\webapps\host-manager]的部署已在[27]毫秒内完成
02-Oct-2023 22:54:25.706 信息 [main] org.apache.catalina.startup.HostConfig.deployDirectory 把web 应用程序部署到目录 [E:\java_code\javaweb\web\apache\webapps\manager]
02-Oct-2023 22:54:25.735 信息 [main] org.apache.catalina.startup.HostConfig.deployDirectory Web应用程序目录[E:\java_code\javaweb\web\apache\webapps\manager]的部署已在[29]毫秒内完成
02-Oct-2023 22:54:25.736 信息 [main] org.apache.catalina.startup.HostConfig.deployDirectory 把web 应用程序部署到目录 [E:\java_code\javaweb\web\apache\webapps\ROOT]
02-Oct-2023 22:54:25.756 信息 [main] org.apache.catalina.startup.HostConfig.deployDirectory Web应用程序目录[E:\java_code\javaweb\web\apache\webapps\ROOT]的部署已在[20]毫秒内完成
02-Oct-2023 22:54:25.758 信息 [main] org.apache.coyote.AbstractProtocol.start 开始协议处理句柄["http-nio-8080"]
02-Oct-2023 22:54:25.792 信息 [main] org.apache.catalina.startup.Catalina.start [1595]毫秒后服务器启动
